Ôùç injected env (5) from ..\.env // tip: Ôùê secrets for agents [www.dotenvx.com]
Ôùç injected env (0) from ..\.env // tip: Ôùê encrypted .env [www.dotenvx.com]
Ôùç injected env (0) from ..\.env // tip: Ôîÿ suppress logs { quiet: true }
Ôùç injected env (0) from ..\.env // tip: Ôùê encrypted .env [www.dotenvx.com]
node : D:\Cursos o 
intentos de 
programacion\Proyectos de 
portafolio\sistema-tickets
\node_modules\router\index
.js:392
At line:1 char:1
+ node server.js > 
crash.log 2>&1
+ ~~~~~~~~~~~~~~~~~~~~~~~~
~~~~~~~
    + CategoryInfo        
      : NotSpecified: (D  
  :\Cursos o int...er\i   
 ndex.js:392:String) [    
], RemoteException
    + FullyQualifiedError 
   Id : NativeCommandErr  
  or
 
      throw new 
TypeError('argument 
handler must be a 
function')
      ^

TypeError: argument 
handler must be a function
    at router.use 
(D:\Cursos o intentos de 
programacion\Proyectos de 
portafolio\sistema-tickets
\node_modules\router\index
.js:392:13)
    at app.<anonymous> 
(D:\Cursos o intentos de 
programacion\Proyectos de 
portafolio\sistema-tickets
\node_modules\express\lib\
application.js:222:21)
    at Array.forEach 
(<anonymous>)
    at app.use (D:\Cursos 
o intentos de 
programacion\Proyectos de 
portafolio\sistema-tickets
\node_modules\express\lib\
application.js:219:7)
    at Object.<anonymous> 
(D:\Cursos o intentos de 
programacion\Proyectos de 
portafolio\sistema-tickets
\backend\server.js:30:5)
    at Module._compile (no
de:internal/modules/cjs/lo
ader:1830:14)
    at Object..js (node:in
ternal/modules/cjs/loader:
1961:10)
    at Module.load (node:i
nternal/modules/cjs/loader
:1553:32)
    at Module._load (node:
internal/modules/cjs/loade
r:1355:12)
    at wrapModuleLoad (nod
e:internal/modules/cjs/loa
der:255:19)

Node.js v24.15.0
